<?xml version="1.0" encoding="UTF-8"?>
<testsuite xmlns:xsi="http://www.w3.org/2001/XMLSchema-instance" xsi:noNamespaceSchemaLocation="https://maven.apache.org/surefire/maven-surefire-plugin/xsd/surefire-test-report.xsd" name="ar.edu.utn.frba.dds.macowins.PrendaTest" time="0.112" tests="10" errors="0" skipped="0" failures="0">
  <properties>
    <property name="sun.desktop" value="gnome"/>
    <property name="awt.toolkit" value="sun.awt.X11.XToolkit"/>
    <property name="file.encoding.pkg" value="sun.io"/>
    <property name="java.specification.version" value="1.8"/>
    <property name="sun.cpu.isalist" value=""/>
    <property name="sun.jnu.encoding" value="UTF-8"/>
    <property name="java.class.path" value="/home/ezequiel/Escritorio/DiseñoDeSistemas/tp-macowins-ezequielformaggio/target/test-classes:/home/ezequiel/Escritorio/DiseñoDeSistemas/tp-macowins-ezequielformaggio/target/classes:/home/ezequiel/.m2/repository/org/junit/jupiter/junit-jupiter-engine/5.7.0/junit-jupiter-engine-5.7.0.jar:/home/ezequiel/.m2/repository/org/apiguardian/apiguardian-api/1.1.0/apiguardian-api-1.1.0.jar:/home/ezequiel/.m2/repository/org/junit/platform/junit-platform-engine/1.7.0/junit-platform-engine-1.7.0.jar:/home/ezequiel/.m2/repository/junit/junit/4.12/junit-4.12.jar:/home/ezequiel/.m2/repository/org/hamcrest/hamcrest-core/1.3/hamcrest-core-1.3.jar:/home/ezequiel/.m2/repository/org/junit/jupiter/junit-jupiter-api/5.7.0/junit-jupiter-api-5.7.0.jar:/home/ezequiel/.m2/repository/org/opentest4j/opentest4j/1.2.0/opentest4j-1.2.0.jar:/home/ezequiel/.m2/repository/org/junit/platform/junit-platform-commons/1.7.0/junit-platform-commons-1.7.0.jar:"/>
    <property name="java.vm.vendor" value="Private Build"/>
    <property name="sun.arch.data.model" value="64"/>
    <property name="java.vendor.url" value="http://java.oracle.com/"/>
    <property name="user.timezone" value=""/>
    <property name="java.vm.specification.version" value="1.8"/>
    <property name="os.name" value="Linux"/>
    <property name="user.country" value="AR"/>
    <property name="sun.java.launcher" value="SUN_STANDARD"/>
    <property name="sun.boot.library.path" value="/usr/lib/jvm/java-8-openjdk-amd64/jre/lib/amd64"/>
    <property name="sun.java.command" value="/home/ezequiel/Escritorio/DiseñoDeSistemas/tp-macowins-ezequielformaggio/target/surefire/surefirebooter409817062241339871.jar /home/ezequiel/Escritorio/DiseñoDeSistemas/tp-macowins-ezequielformaggio/target/surefire 2021-05-01T11-52-35_065-jvmRun1 surefire2433627887965140177tmp surefire_02868997493826358206tmp"/>
    <property name="surefire.test.class.path" value="/home/ezequiel/Escritorio/DiseñoDeSistemas/tp-macowins-ezequielformaggio/target/test-classes:/home/ezequiel/Escritorio/DiseñoDeSistemas/tp-macowins-ezequielformaggio/target/classes:/home/ezequiel/.m2/repository/org/junit/jupiter/junit-jupiter-engine/5.7.0/junit-jupiter-engine-5.7.0.jar:/home/ezequiel/.m2/repository/org/apiguardian/apiguardian-api/1.1.0/apiguardian-api-1.1.0.jar:/home/ezequiel/.m2/repository/org/junit/platform/junit-platform-engine/1.7.0/junit-platform-engine-1.7.0.jar:/home/ezequiel/.m2/repository/junit/junit/4.12/junit-4.12.jar:/home/ezequiel/.m2/repository/org/hamcrest/hamcrest-core/1.3/hamcrest-core-1.3.jar:/home/ezequiel/.m2/repository/org/junit/jupiter/junit-jupiter-api/5.7.0/junit-jupiter-api-5.7.0.jar:/home/ezequiel/.m2/repository/org/opentest4j/opentest4j/1.2.0/opentest4j-1.2.0.jar:/home/ezequiel/.m2/repository/org/junit/platform/junit-platform-commons/1.7.0/junit-platform-commons-1.7.0.jar:"/>
    <property name="sun.cpu.endian" value="little"/>
    <property name="user.home" value="/home/ezequiel"/>
    <property name="user.language" value="es"/>
    <property name="java.specification.vendor" value="Oracle Corporation"/>
    <property name="java.home" value="/usr/lib/jvm/java-8-openjdk-amd64/jre"/>
    <property name="basedir" value="/home/ezequiel/Escritorio/DiseñoDeSistemas/tp-macowins-ezequielformaggio"/>
    <property name="file.separator" value="/"/>
    <property name="line.separator" value="&#10;"/>
    <property name="java.vm.specification.vendor" value="Oracle Corporation"/>
    <property name="java.specification.name" value="Java Platform API Specification"/>
    <property name="java.awt.graphicsenv" value="sun.awt.X11GraphicsEnvironment"/>
    <property name="surefire.real.class.path" value="/home/ezequiel/Escritorio/DiseñoDeSistemas/tp-macowins-ezequielformaggio/target/surefire/surefirebooter409817062241339871.jar:/home/ezequiel/.m2/repository/org/jacoco/org.jacoco.agent/0.8.2/org.jacoco.agent-0.8.2-runtime.jar"/>
    <property name="sun.boot.class.path" value="/usr/lib/jvm/java-8-openjdk-amd64/jre/lib/resources.jar:/usr/lib/jvm/java-8-openjdk-amd64/jre/lib/rt.jar:/usr/lib/jvm/java-8-openjdk-amd64/jre/lib/sunrsasign.jar:/usr/lib/jvm/java-8-openjdk-amd64/jre/lib/jsse.jar:/usr/lib/jvm/java-8-openjdk-amd64/jre/lib/jce.jar:/usr/lib/jvm/java-8-openjdk-amd64/jre/lib/charsets.jar:/usr/lib/jvm/java-8-openjdk-amd64/jre/lib/jfr.jar:/usr/lib/jvm/java-8-openjdk-amd64/jre/classes"/>
    <property name="sun.management.compiler" value="HotSpot 64-Bit Tiered Compilers"/>
    <property name="java.runtime.version" value="1.8.0_292-8u292-b10-0ubuntu1~20.04-b10"/>
    <property name="user.name" value="ezequiel"/>
    <property name="path.separator" value=":"/>
    <property name="os.version" value="5.8.0-50-generic"/>
    <property name="java.endorsed.dirs" value="/usr/lib/jvm/java-8-openjdk-amd64/jre/lib/endorsed"/>
    <property name="java.runtime.name" value="OpenJDK Runtime Environment"/>
    <property name="file.encoding" value="UTF-8"/>
    <property name="java.vm.name" value="OpenJDK 64-Bit Server VM"/>
    <property name="localRepository" value="/home/ezequiel/.m2/repository"/>
    <property name="java.vendor.url.bug" value="http://bugreport.sun.com/bugreport/"/>
    <property name="java.io.tmpdir" value="/tmp"/>
    <property name="java.version" value="1.8.0_292"/>
    <property name="user.dir" value="/home/ezequiel/Escritorio/DiseñoDeSistemas/tp-macowins-ezequielformaggio"/>
    <property name="os.arch" value="amd64"/>
    <property name="java.vm.specification.name" value="Java Virtual Machine Specification"/>
    <property name="java.awt.printerjob" value="sun.print.PSPrinterJob"/>
    <property name="sun.os.patch.level" value="unknown"/>
    <property name="java.library.path" value="/usr/java/packages/lib/amd64:/usr/lib/x86_64-linux-gnu/jni:/lib/x86_64-linux-gnu:/usr/lib/x86_64-linux-gnu:/usr/lib/jni:/lib:/usr/lib"/>
    <property name="java.vm.info" value="mixed mode"/>
    <property name="java.vendor" value="Private Build"/>
    <property name="java.vm.version" value="25.292-b10"/>
    <property name="java.ext.dirs" value="/usr/lib/jvm/java-8-openjdk-amd64/jre/lib/ext:/usr/java/packages/lib/ext"/>
    <property name="sun.io.unicode.encoding" value="UnicodeLittle"/>
    <property name="java.class.version" value="52.0"/>
  </properties>
  <testcase name="calculoDeLasGananciasDeUnDia" classname="ar.edu.utn.frba.dds.macowins.PrendaTest" time="0.07"/>
  <testcase name="calculoDelImporteDeUnaVenta" classname="ar.edu.utn.frba.dds.macowins.PrendaTest" time="0"/>
  <testcase name="elPrecioDeUnaCamisaNuevaEsSuPrecioBase" classname="ar.edu.utn.frba.dds.macowins.PrendaTest" time="0.002"/>
  <testcase name="laVenta2Vendio2Prendas" classname="ar.edu.utn.frba.dds.macowins.PrendaTest" time="0.001"/>
  <testcase name="unaVentaVendioXCantidadDePrendas" classname="ar.edu.utn.frba.dds.macowins.PrendaTest" time="0.001"/>
  <testcase name="elTipoDeUnSacoEnLiquidacionEsSACO" classname="ar.edu.utn.frba.dds.macowins.PrendaTest" time="0.001"/>
  <testcase name="elPrecioDeUnSacoEnLiquidacionEsSuLaMitadDeSuPrecioBase" classname="ar.edu.utn.frba.dds.macowins.PrendaTest" time="0.001"/>
  <testcase name="elTipoDeUnaCamisaNuevaEsCAMISA" classname="ar.edu.utn.frba.dds.macowins.PrendaTest" time="0.001"/>
  <testcase name="elPrecioDeUnPantalonEnPromocionEsSuPrecioBaseMenosSuDecuento" classname="ar.edu.utn.frba.dds.macowins.PrendaTest" time="0.001"/>
  <testcase name="venta3esDeFecha" classname="ar.edu.utn.frba.dds.macowins.PrendaTest" time="0.001"/>
</testsuite>